<?xml version="1.0" encoding="UTF-8"?>
<testng-results ignored="0" total="1" passed="1" failed="0" skipped="0">
  <reporter-output>
  </reporter-output>
  <suite started-at="2024-01-09T10:14:06 IST" name="Default suite" finished-at="2024-01-09T10:14:19 IST" duration-ms="12765">
    <groups>
    </groups>
    <test started-at="2024-01-09T10:14:06 IST" name="Default test" finished-at="2024-01-09T10:14:19 IST" duration-ms="12765">
      <class name="com.test.Brain_Access.Testing">
        <test-method signature="testDB()[pri:0, instance:com.test.Brain_Access.Testing@69997e9d]" started-at="2024-01-09T10:14:06 IST" name="testDB" finished-at="2024-01-09T10:14:19 IST" duration-ms="12742" status="PASS">
          <reporter-output>
          </reporter-output>
        </test-method> <!-- testDB -->
      </class> <!-- com.test.Brain_Access.Testing -->
    </test> <!-- Default test -->
  </suite> <!-- Default suite -->
</testng-results>
